<testsuites id="" name="" tests="1030" failures="0" skipped="1030" errors="0" time="1.237966">
<testsuite name="tests/01-homepage-hero.spec.ts" timestamp="2025-07-23T20:13:32.068Z" hostname="chromium-desktop" tests="9" failures="0" skipped="9" time="0" errors="0">
<testcase name="Homepage Hero Section - Boxing Fan Experience › should load hero section with Kumar&apos;s branding under 3 seconds" classname="tests/01-homepage-hero.spec.ts" time="0">
<skipped>
</skipped>
</testcase>
<testcase name="Homepage Hero Section - Boxing Fan Experience › should display fight statistics prominently" classname="tests/01-homepage-hero.spec.ts" time="0">
<skipped>
</skipped>
</testcase>
<testcase name="Homepage Hero Section - Boxing Fan Experience › should show upcoming homecoming fight prominently" classname="tests/01-homepage-hero.spec.ts" time="0">
<skipped>
</skipped>
</testcase>
<testcase name="Homepage Hero Section - Boxing Fan Experience › should load background video without blocking content" classname="tests/01-homepage-hero.spec.ts" time="0">
<skipped>
</skipped>
</testcase>
<testcase name="Homepage Hero Section - Boxing Fan Experience › should display social media links for boxing fans" classname="tests/01-homepage-hero.spec.ts" time="0">
<skipped>
</skipped>
</testcase>
<testcase name="Homepage Hero Section - Boxing Fan Experience › should be accessible to screen readers for fight stats" classname="tests/01-homepage-hero.spec.ts" time="0">
<skipped>
</skipped>
</testcase>
<testcase name="Homepage Hero Section - Boxing Fan Experience › should handle mobile boxing fan interactions" classname="tests/01-homepage-hero.spec.ts" time="0">
<skipped>
</skipped>
</testcase>
<testcase name="Homepage Hero Section - Boxing Fan Experience › should load fight promotion images efficiently" classname="tests/01-homepage-hero.spec.ts" time="0">
<skipped>
</skipped>
</testcase>
<testcase name="Homepage Hero Section - Boxing Fan Experience › should show proper error handling for missing content" classname="tests/01-homepage-hero.spec.ts" time="0">
<skipped>
</skipped>
</testcase>
</testsuite>
<testsuite name="tests/02-fight-records.spec.ts" timestamp="2025-07-23T20:13:32.068Z" hostname="chromium-desktop" tests="11" failures="0" skipped="11" time="0" errors="0">
<testcase name="Fight Records &amp; Statistics - Boxing Data Accuracy › should display accurate professional fight record" classname="tests/02-fight-records.spec.ts" time="0">
<skipped>
</skipped>
</testcase>
<testcase name="Fight Records &amp; Statistics - Boxing Data Accuracy › should show detailed fight history with opponents" classname="tests/02-fight-records.spec.ts" time="0">
<skipped>
</skipped>
</testcase>
<testcase name="Fight Records &amp; Statistics - Boxing Data Accuracy › should display fight venues and dates accurately" classname="tests/02-fight-records.spec.ts" time="0">
<skipped>
</skipped>
</testcase>
<testcase name="Fight Records &amp; Statistics - Boxing Data Accuracy › should show fight method details (KO, TKO, Decision)" classname="tests/02-fight-records.spec.ts" time="0">
<skipped>
</skipped>
</testcase>
<testcase name="Fight Records &amp; Statistics - Boxing Data Accuracy › should display upcoming homecoming fight" classname="tests/02-fight-records.spec.ts" time="0">
<skipped>
</skipped>
</testcase>
<testcase name="Fight Records &amp; Statistics - Boxing Data Accuracy › should load fight posters and media efficiently" classname="tests/02-fight-records.spec.ts" time="0">
<skipped>
</skipped>
</testcase>
<testcase name="Fight Records &amp; Statistics - Boxing Data Accuracy › should display opponent statistics and records" classname="tests/02-fight-records.spec.ts" time="0">
<skipped>
</skipped>
</testcase>
<testcase name="Fight Records &amp; Statistics - Boxing Data Accuracy › should be mobile-responsive for boxing fans" classname="tests/02-fight-records.spec.ts" time="0">
<skipped>
</skipped>
</testcase>
<testcase name="Fight Records &amp; Statistics - Boxing Data Accuracy › should handle fight statistics calculations correctly" classname="tests/02-fight-records.spec.ts" time="0">
<skipped>
</skipped>
</testcase>
<testcase name="Fight Records &amp; Statistics - Boxing Data Accuracy › should provide accessible fight information for screen readers" classname="tests/02-fight-records.spec.ts" time="0">
<skipped>
</skipped>
</testcase>
<testcase name="Fight Records &amp; Statistics - Boxing Data Accuracy › should load fight highlights and media" classname="tests/02-fight-records.spec.ts" time="0">
<skipped>
</skipped>
</testcase>
</testsuite>
<testsuite name="tests/03-training-media.spec.ts" timestamp="2025-07-23T20:13:32.068Z" hostname="chromium-desktop" tests="10" failures="0" skipped="10" time="0" errors="0">
<testcase name="Training Media &amp; Galleries - Boxing Content Streaming › should load training photo gallery efficiently" classname="tests/03-training-media.spec.ts" time="0">
<skipped>
</skipped>
</testcase>
<testcase name="Training Media &amp; Galleries - Boxing Content Streaming › should implement lazy loading for training images" classname="tests/03-training-media.spec.ts" time="0">
<skipped>
</skipped>
</testcase>
<testcase name="Training Media &amp; Galleries - Boxing Content Streaming › should display training video content properly" classname="tests/03-training-media.spec.ts" time="0">
<skipped>
</skipped>
</testcase>
<testcase name="Training Media &amp; Galleries - Boxing Content Streaming › should handle training media filtering and categorization" classname="tests/03-training-media.spec.ts" time="0">
<skipped>
</skipped>
</testcase>
<testcase name="Training Media &amp; Galleries - Boxing Content Streaming › should provide high-quality training image viewing" classname="tests/03-training-media.spec.ts" time="0">
<skipped>
</skipped>
</testcase>
<testcase name="Training Media &amp; Galleries - Boxing Content Streaming › should support social media sharing of training content" classname="tests/03-training-media.spec.ts" time="0">
<skipped>
</skipped>
</testcase>
<testcase name="Training Media &amp; Galleries - Boxing Content Streaming › should load training progression photos chronologically" classname="tests/03-training-media.spec.ts" time="0">
<skipped>
</skipped>
</testcase>
<testcase name="Training Media &amp; Galleries - Boxing Content Streaming › should optimize media loading for mobile boxing fans" classname="tests/03-training-media.spec.ts" time="0">
<skipped>
</skipped>
</testcase>
<testcase name="Training Media &amp; Galleries - Boxing Content Streaming › should provide training schedule and workout information" classname="tests/03-training-media.spec.ts" time="0">
<skipped>
</skipped>
</testcase>
<testcase name="Training Media &amp; Galleries - Boxing Content Streaming › should handle training media accessibility" classname="tests/03-training-media.spec.ts" time="0">
<skipped>
</skipped>
</testcase>
</testsuite>
<testsuite name="tests/04-news-articles.spec.ts" timestamp="2025-07-23T20:13:32.068Z" hostname="chromium-desktop" tests="12" failures="0" skipped="12" time="0" errors="0">
<testcase name="News Articles &amp; Media Coverage - Boxing Journalism › should display latest boxing news articles" classname="tests/04-news-articles.spec.ts" time="0">
<skipped>
</skipped>
</testcase>
<testcase name="News Articles &amp; Media Coverage - Boxing Journalism › should show article publication dates and sources" classname="tests/04-news-articles.spec.ts" time="0">
<skipped>
</skipped>
</testcase>
<testcase name="News Articles &amp; Media Coverage - Boxing Journalism › should display boxing press releases and announcements" classname="tests/04-news-articles.spec.ts" time="0">
<skipped>
</skipped>
</testcase>
<testcase name="News Articles &amp; Media Coverage - Boxing Journalism › should provide social media sharing for articles" classname="tests/04-news-articles.spec.ts" time="0">
<skipped>
</skipped>
</testcase>
<testcase name="News Articles &amp; Media Coverage - Boxing Journalism › should display boxing interview content" classname="tests/04-news-articles.spec.ts" time="0">
<skipped>
</skipped>
</testcase>
<testcase name="News Articles &amp; Media Coverage - Boxing Journalism › should show boxing match coverage and analysis" classname="tests/04-news-articles.spec.ts" time="0">
<skipped>
</skipped>
</testcase>
<testcase name="News Articles &amp; Media Coverage - Boxing Journalism › should provide accessible news content for screen readers" classname="tests/04-news-articles.spec.ts" time="0">
<skipped>
</skipped>
</testcase>
<testcase name="News Articles &amp; Media Coverage - Boxing Journalism › should load news images efficiently" classname="tests/04-news-articles.spec.ts" time="0">
<skipped>
</skipped>
</testcase>
<testcase name="News Articles &amp; Media Coverage - Boxing Journalism › should display related boxing articles and recommendations" classname="tests/04-news-articles.spec.ts" time="0">
<skipped>
</skipped>
</testcase>
<testcase name="News Articles &amp; Media Coverage - Boxing Journalism › should support news search and filtering" classname="tests/04-news-articles.spec.ts" time="0">
<skipped>
</skipped>
</testcase>
<testcase name="News Articles &amp; Media Coverage - Boxing Journalism › should handle news article mobile experience" classname="tests/04-news-articles.spec.ts" time="0">
<skipped>
</skipped>
</testcase>
<testcase name="News Articles &amp; Media Coverage - Boxing Journalism › should display boxing news with proper SEO structure" classname="tests/04-news-articles.spec.ts" time="0">
<skipped>
</skipped>
</testcase>
</testsuite>
<testsuite name="tests/05-ticket-purchasing.spec.ts" timestamp="2025-07-23T20:13:32.068Z" hostname="chromium-desktop" tests="13" failures="0" skipped="13" time="0" errors="0">
<testcase name="Ticket Purchasing Flow - Boxing Event Sales › should display ticket purchase options prominently" classname="tests/05-ticket-purchasing.spec.ts" time="0">
<skipped>
</skipped>
</testcase>
<testcase name="Ticket Purchasing Flow - Boxing Event Sales › should show homecoming fight ticket information" classname="tests/05-ticket-purchasing.spec.ts" time="0">
<skipped>
</skipped>
</testcase>
<testcase name="Ticket Purchasing Flow - Boxing Event Sales › should navigate to ticket purchasing page" classname="tests/05-ticket-purchasing.spec.ts" time="0">
<skipped>
</skipped>
</testcase>
<testcase name="Ticket Purchasing Flow - Boxing Event Sales › should display multiple ticket tiers and pricing" classname="tests/05-ticket-purchasing.spec.ts" time="0">
<skipped>
</skipped>
</testcase>
<testcase name="Ticket Purchasing Flow - Boxing Event Sales › should handle ticket quantity selection" classname="tests/05-ticket-purchasing.spec.ts" time="0">
<skipped>
</skipped>
</testcase>
<testcase name="Ticket Purchasing Flow - Boxing Event Sales › should display boxing event details and seating information" classname="tests/05-ticket-purchasing.spec.ts" time="0">
<skipped>
</skipped>
</testcase>
<testcase name="Ticket Purchasing Flow - Boxing Event Sales › should handle payment processing integration" classname="tests/05-ticket-purchasing.spec.ts" time="0">
<skipped>
</skipped>
</testcase>
<testcase name="Ticket Purchasing Flow - Boxing Event Sales › should provide ticket purchase confirmation flow" classname="tests/05-ticket-purchasing.spec.ts" time="0">
<skipped>
</skipped>
</testcase>
<testcase name="Ticket Purchasing Flow - Boxing Event Sales › should be mobile-optimized for boxing fans" classname="tests/05-ticket-purchasing.spec.ts" time="0">
<skipped>
</skipped>
</testcase>
<testcase name="Ticket Purchasing Flow - Boxing Event Sales › should handle ticket availability and sold out scenarios" classname="tests/05-ticket-purchasing.spec.ts" time="0">
<skipped>
</skipped>
</testcase>
<testcase name="Ticket Purchasing Flow - Boxing Event Sales › should provide accessibility for ticket purchasing" classname="tests/05-ticket-purchasing.spec.ts" time="0">
<skipped>
</skipped>
</testcase>
<testcase name="Ticket Purchasing Flow - Boxing Event Sales › should load ticket purchasing page efficiently" classname="tests/05-ticket-purchasing.spec.ts" time="0">
<skipped>
</skipped>
</testcase>
<testcase name="Ticket Purchasing Flow - Boxing Event Sales › should integrate with boxing event marketing" classname="tests/05-ticket-purchasing.spec.ts" time="0">
<skipped>
</skipped>
</testcase>
</testsuite>
<testsuite name="tests/06-performance-core-web-vitals.spec.ts" timestamp="2025-07-23T20:13:32.068Z" hostname="chromium-desktop" tests="11" failures="0" skipped="11" time="0" errors="0">
<testcase name="Performance &amp; Core Web Vitals - Boxing Fan Experience › should meet Core Web Vitals thresholds for boxing content" classname="tests/06-performance-core-web-vitals.spec.ts" time="0">
<skipped>
</skipped>
</testcase>
<testcase name="Performance &amp; Core Web Vitals - Boxing Fan Experience › should optimize boxing media loading performance" classname="tests/06-performance-core-web-vitals.spec.ts" time="0">
<skipped>
</skipped>
</testcase>
<testcase name="Performance &amp; Core Web Vitals - Boxing Fan Experience › should handle 3G network conditions for fight night traffic" classname="tests/06-performance-core-web-vitals.spec.ts" time="0">
<skipped>
</skipped>
</testcase>
<testcase name="Performance &amp; Core Web Vitals - Boxing Fan Experience › should optimize resource loading and caching" classname="tests/06-performance-core-web-vitals.spec.ts" time="0">
<skipped>
</skipped>
</testcase>
<testcase name="Performance &amp; Core Web Vitals - Boxing Fan Experience › should maintain performance during user interactions" classname="tests/06-performance-core-web-vitals.spec.ts" time="0">
<skipped>
</skipped>
</testcase>
<testcase name="Performance &amp; Core Web Vitals - Boxing Fan Experience › should optimize font loading for boxing branding" classname="tests/06-performance-core-web-vitals.spec.ts" time="0">
<skipped>
</skipped>
</testcase>
<testcase name="Performance &amp; Core Web Vitals - Boxing Fan Experience › should handle image lazy loading for boxing galleries" classname="tests/06-performance-core-web-vitals.spec.ts" time="0">
<skipped>
</skipped>
</testcase>
<testcase name="Performance &amp; Core Web Vitals - Boxing Fan Experience › should optimize JavaScript loading and execution" classname="tests/06-performance-core-web-vitals.spec.ts" time="0">
<skipped>
</skipped>
</testcase>
<testcase name="Performance &amp; Core Web Vitals - Boxing Fan Experience › should maintain performance on mobile devices" classname="tests/06-performance-core-web-vitals.spec.ts" time="0">
<skipped>
</skipped>
</testcase>
<testcase name="Performance &amp; Core Web Vitals - Boxing Fan Experience › should optimize for fight night traffic spikes" classname="tests/06-performance-core-web-vitals.spec.ts" time="0">
<skipped>
</skipped>
</testcase>
<testcase name="Performance &amp; Core Web Vitals - Boxing Fan Experience › should handle offline scenarios gracefully" classname="tests/06-performance-core-web-vitals.spec.ts" time="0">
<skipped>
</skipped>
</testcase>
</testsuite>
<testsuite name="tests/07-accessibility-a11y.spec.ts" timestamp="2025-07-23T20:13:32.068Z" hostname="chromium-desktop" tests="12" failures="0" skipped="12" time="0" errors="0">
<testcase name="Accessibility &amp; Screen Reader Compatibility - Boxing A11y › should have proper heading hierarchy for boxing content" classname="tests/07-accessibility-a11y.spec.ts" time="0">
<skipped>
</skipped>
</testcase>
<testcase name="Accessibility &amp; Screen Reader Compatibility - Boxing A11y › should provide descriptive alt text for boxing images" classname="tests/07-accessibility-a11y.spec.ts" time="0">
<skipped>
</skipped>
</testcase>
<testcase name="Accessibility &amp; Screen Reader Compatibility - Boxing A11y › should support keyboard navigation for boxing fans" classname="tests/07-accessibility-a11y.spec.ts" time="0">
<skipped>
</skipped>
</testcase>
<testcase name="Accessibility &amp; Screen Reader Compatibility - Boxing A11y › should provide accessible fight statistics for screen readers" classname="tests/07-accessibility-a11y.spec.ts" time="0">
<skipped>
</skipped>
</testcase>
<testcase name="Accessibility &amp; Screen Reader Compatibility - Boxing A11y › should support screen reader announcements for dynamic content" classname="tests/07-accessibility-a11y.spec.ts" time="0">
<skipped>
</skipped>
</testcase>
<testcase name="Accessibility &amp; Screen Reader Compatibility - Boxing A11y › should provide accessible form controls for boxing interactions" classname="tests/07-accessibility-a11y.spec.ts" time="0">
<skipped>
</skipped>
</testcase>
<testcase name="Accessibility &amp; Screen Reader Compatibility - Boxing A11y › should provide accessible video content for boxing fans" classname="tests/07-accessibility-a11y.spec.ts" time="0">
<skipped>
</skipped>
</testcase>
<testcase name="Accessibility &amp; Screen Reader Compatibility - Boxing A11y › should provide accessible navigation for boxing sections" classname="tests/07-accessibility-a11y.spec.ts" time="0">
<skipped>
</skipped>
</testcase>
<testcase name="Accessibility &amp; Screen Reader Compatibility - Boxing A11y › should handle focus management for modals and overlays" classname="tests/07-accessibility-a11y.spec.ts" time="0">
<skipped>
</skipped>
</testcase>
<testcase name="Accessibility &amp; Screen Reader Compatibility - Boxing A11y › should provide accessible color contrast for boxing theme" classname="tests/07-accessibility-a11y.spec.ts" time="0">
<skipped>
</skipped>
</testcase>
<testcase name="Accessibility &amp; Screen Reader Compatibility - Boxing A11y › should support high contrast mode for boxing content" classname="tests/07-accessibility-a11y.spec.ts" time="0">
<skipped>
</skipped>
</testcase>
<testcase name="Accessibility &amp; Screen Reader Compatibility - Boxing A11y › should provide accessible error handling and feedback" classname="tests/07-accessibility-a11y.spec.ts" time="0">
<skipped>
</skipped>
</testcase>
</testsuite>
<testsuite name="tests/08-mobile-responsive.spec.ts" timestamp="2025-07-23T20:13:32.068Z" hostname="chromium-desktop" tests="12" failures="0" skipped="12" time="0" errors="0">
<testcase name="Mobile Responsive Design - Boxing Fan Mobile Experience › should adapt to various mobile screen sizes for boxing content" classname="tests/08-mobile-responsive.spec.ts" time="0">
<skipped>
</skipped>
</testcase>
<testcase name="Mobile Responsive Design - Boxing Fan Mobile Experience › should provide touch-friendly boxing interaction elements" classname="tests/08-mobile-responsive.spec.ts" time="0">
<skipped>
</skipped>
</testcase>
<testcase name="Mobile Responsive Design - Boxing Fan Mobile Experience › should optimize boxing images for mobile viewing" classname="tests/08-mobile-responsive.spec.ts" time="0">
<skipped>
</skipped>
</testcase>
<testcase name="Mobile Responsive Design - Boxing Fan Mobile Experience › should provide mobile-optimized navigation for boxing sections" classname="tests/08-mobile-responsive.spec.ts" time="0">
<skipped>
</skipped>
</testcase>
<testcase name="Mobile Responsive Design - Boxing Fan Mobile Experience › should optimize boxing statistics display for mobile" classname="tests/08-mobile-responsive.spec.ts" time="0">
<skipped>
</skipped>
</testcase>
<testcase name="Mobile Responsive Design - Boxing Fan Mobile Experience › should handle mobile video content for boxing fans" classname="tests/08-mobile-responsive.spec.ts" time="0">
<skipped>
</skipped>
</testcase>
<testcase name="Mobile Responsive Design - Boxing Fan Mobile Experience › should optimize text readability for mobile boxing fans" classname="tests/08-mobile-responsive.spec.ts" time="0">
<skipped>
</skipped>
</testcase>
<testcase name="Mobile Responsive Design - Boxing Fan Mobile Experience › should provide mobile-optimized forms and inputs" classname="tests/08-mobile-responsive.spec.ts" time="0">
<skipped>
</skipped>
</testcase>
<testcase name="Mobile Responsive Design - Boxing Fan Mobile Experience › should handle orientation changes for boxing content" classname="tests/08-mobile-responsive.spec.ts" time="0">
<skipped>
</skipped>
</testcase>
<testcase name="Mobile Responsive Design - Boxing Fan Mobile Experience › should optimize for mobile performance during fight events" classname="tests/08-mobile-responsive.spec.ts" time="0">
<skipped>
</skipped>
</testcase>
<testcase name="Mobile Responsive Design - Boxing Fan Mobile Experience › should provide accessible mobile interactions for boxing fans" classname="tests/08-mobile-responsive.spec.ts" time="0">
<skipped>
</skipped>
</testcase>
<testcase name="Mobile Responsive Design - Boxing Fan Mobile Experience › should handle mobile app-like features for boxing fans" classname="tests/08-mobile-responsive.spec.ts" time="0">
<skipped>
</skipped>
</testcase>
</testsuite>
<testsuite name="tests/09-visual-regression.spec.ts" timestamp="2025-07-23T20:13:32.068Z" hostname="chromium-desktop" tests="13" failures="0" skipped="13" time="0" errors="0">
<testcase name="Visual Regression Testing - Boxing Brand Consistency › should maintain homepage hero section visual consistency" classname="tests/09-visual-regression.spec.ts" time="0">
<skipped>
</skipped>
</testcase>
<testcase name="Visual Regression Testing - Boxing Brand Consistency › should maintain fight record statistics visual layout" classname="tests/09-visual-regression.spec.ts" time="0">
<skipped>
</skipped>
</testcase>
<testcase name="Visual Regression Testing - Boxing Brand Consistency › should maintain training photo gallery layout" classname="tests/09-visual-regression.spec.ts" time="0">
<skipped>
</skipped>
</testcase>
<testcase name="Visual Regression Testing - Boxing Brand Consistency › should maintain fight poster and promotion images consistency" classname="tests/09-visual-regression.spec.ts" time="0">
<skipped>
</skipped>
</testcase>
<testcase name="Visual Regression Testing - Boxing Brand Consistency › should maintain responsive layout consistency on mobile" classname="tests/09-visual-regression.spec.ts" time="0">
<skipped>
</skipped>
</testcase>
<testcase name="Visual Regression Testing - Boxing Brand Consistency › should maintain boxing brand color scheme consistency" classname="tests/09-visual-regression.spec.ts" time="0">
<skipped>
</skipped>
</testcase>
<testcase name="Visual Regression Testing - Boxing Brand Consistency › should maintain button and CTA visual consistency" classname="tests/09-visual-regression.spec.ts" time="0">
<skipped>
</skipped>
</testcase>
<testcase name="Visual Regression Testing - Boxing Brand Consistency › should maintain typography consistency across boxing content" classname="tests/09-visual-regression.spec.ts" time="0">
<skipped>
</skipped>
</testcase>
<testcase name="Visual Regression Testing - Boxing Brand Consistency › should maintain cross-browser visual consistency" classname="tests/09-visual-regression.spec.ts" time="0">
<skipped>
</skipped>
</testcase>
<testcase name="Visual Regression Testing - Boxing Brand Consistency › should detect visual regressions in fight card layouts" classname="tests/09-visual-regression.spec.ts" time="0">
<skipped>
</skipped>
</testcase>
<testcase name="Visual Regression Testing - Boxing Brand Consistency › should maintain footer and contact information layout" classname="tests/09-visual-regression.spec.ts" time="0">
<skipped>
</skipped>
</testcase>
<testcase name="Visual Regression Testing - Boxing Brand Consistency › should detect visual regressions during hover interactions" classname="tests/09-visual-regression.spec.ts" time="0">
<skipped>
</skipped>
</testcase>
<testcase name="Visual Regression Testing - Boxing Brand Consistency › should maintain visual consistency with loading states" classname="tests/09-visual-regression.spec.ts" time="0">
<skipped>
</skipped>
</testcase>
</testsuite>
<testsuite name="tests/01-homepage-hero.spec.ts" timestamp="2025-07-23T20:13:32.068Z" hostname="firefox-desktop" tests="9" failures="0" skipped="9" time="0" errors="0">
<testcase name="Homepage Hero Section - Boxing Fan Experience › should load hero section with Kumar&apos;s branding under 3 seconds" classname="tests/01-homepage-hero.spec.ts" time="0">
<skipped>
</skipped>
</testcase>
<testcase name="Homepage Hero Section - Boxing Fan Experience › should display fight statistics prominently" classname="tests/01-homepage-hero.spec.ts" time="0">
<skipped>
</skipped>
</testcase>
<testcase name="Homepage Hero Section - Boxing Fan Experience › should show upcoming homecoming fight prominently" classname="tests/01-homepage-hero.spec.ts" time="0">
<skipped>
</skipped>
</testcase>
<testcase name="Homepage Hero Section - Boxing Fan Experience › should load background video without blocking content" classname="tests/01-homepage-hero.spec.ts" time="0">
<skipped>
</skipped>
</testcase>
<testcase name="Homepage Hero Section - Boxing Fan Experience › should display social media links for boxing fans" classname="tests/01-homepage-hero.spec.ts" time="0">
<skipped>
</skipped>
</testcase>
<testcase name="Homepage Hero Section - Boxing Fan Experience › should be accessible to screen readers for fight stats" classname="tests/01-homepage-hero.spec.ts" time="0">
<skipped>
</skipped>
</testcase>
<testcase name="Homepage Hero Section - Boxing Fan Experience › should handle mobile boxing fan interactions" classname="tests/01-homepage-hero.spec.ts" time="0">
<skipped>
</skipped>
</testcase>
<testcase name="Homepage Hero Section - Boxing Fan Experience › should load fight promotion images efficiently" classname="tests/01-homepage-hero.spec.ts" time="0">
<skipped>
</skipped>
</testcase>
<testcase name="Homepage Hero Section - Boxing Fan Experience › should show proper error handling for missing content" classname="tests/01-homepage-hero.spec.ts" time="0">
<skipped>
</skipped>
</testcase>
</testsuite>
<testsuite name="tests/02-fight-records.spec.ts" timestamp="2025-07-23T20:13:32.068Z" hostname="firefox-desktop" tests="11" failures="0" skipped="11" time="0" errors="0">
<testcase name="Fight Records &amp; Statistics - Boxing Data Accuracy › should display accurate professional fight record" classname="tests/02-fight-records.spec.ts" time="0">
<skipped>
</skipped>
</testcase>
<testcase name="Fight Records &amp; Statistics - Boxing Data Accuracy › should show detailed fight history with opponents" classname="tests/02-fight-records.spec.ts" time="0">
<skipped>
</skipped>
</testcase>
<testcase name="Fight Records &amp; Statistics - Boxing Data Accuracy › should display fight venues and dates accurately" classname="tests/02-fight-records.spec.ts" time="0">
<skipped>
</skipped>
</testcase>
<testcase name="Fight Records &amp; Statistics - Boxing Data Accuracy › should show fight method details (KO, TKO, Decision)" classname="tests/02-fight-records.spec.ts" time="0">
<skipped>
</skipped>
</testcase>
<testcase name="Fight Records &amp; Statistics - Boxing Data Accuracy › should display upcoming homecoming fight" classname="tests/02-fight-records.spec.ts" time="0">
<skipped>
</skipped>
</testcase>
<testcase name="Fight Records &amp; Statistics - Boxing Data Accuracy › should load fight posters and media efficiently" classname="tests/02-fight-records.spec.ts" time="0">
<skipped>
</skipped>
</testcase>
<testcase name="Fight Records &amp; Statistics - Boxing Data Accuracy › should display opponent statistics and records" classname="tests/02-fight-records.spec.ts" time="0">
<skipped>
</skipped>
</testcase>
<testcase name="Fight Records &amp; Statistics - Boxing Data Accuracy › should be mobile-responsive for boxing fans" classname="tests/02-fight-records.spec.ts" time="0">
<skipped>
</skipped>
</testcase>
<testcase name="Fight Records &amp; Statistics - Boxing Data Accuracy › should handle fight statistics calculations correctly" classname="tests/02-fight-records.spec.ts" time="0">
<skipped>
</skipped>
</testcase>
<testcase name="Fight Records &amp; Statistics - Boxing Data Accuracy › should provide accessible fight information for screen readers" classname="tests/02-fight-records.spec.ts" time="0">
<skipped>
</skipped>
</testcase>
<testcase name="Fight Records &amp; Statistics - Boxing Data Accuracy › should load fight highlights and media" classname="tests/02-fight-records.spec.ts" time="0">
<skipped>
</skipped>
</testcase>
</testsuite>
<testsuite name="tests/03-training-media.spec.ts" timestamp="2025-07-23T20:13:32.068Z" hostname="firefox-desktop" tests="10" failures="0" skipped="10" time="0" errors="0">
<testcase name="Training Media &amp; Galleries - Boxing Content Streaming › should load training photo gallery efficiently" classname="tests/03-training-media.spec.ts" time="0">
<skipped>
</skipped>
</testcase>
<testcase name="Training Media &amp; Galleries - Boxing Content Streaming › should implement lazy loading for training images" classname="tests/03-training-media.spec.ts" time="0">
<skipped>
</skipped>
</testcase>
<testcase name="Training Media &amp; Galleries - Boxing Content Streaming › should display training video content properly" classname="tests/03-training-media.spec.ts" time="0">
<skipped>
</skipped>
</testcase>
<testcase name="Training Media &amp; Galleries - Boxing Content Streaming › should handle training media filtering and categorization" classname="tests/03-training-media.spec.ts" time="0">
<skipped>
</skipped>
</testcase>
<testcase name="Training Media &amp; Galleries - Boxing Content Streaming › should provide high-quality training image viewing" classname="tests/03-training-media.spec.ts" time="0">
<skipped>
</skipped>
</testcase>
<testcase name="Training Media &amp; Galleries - Boxing Content Streaming › should support social media sharing of training content" classname="tests/03-training-media.spec.ts" time="0">
<skipped>
</skipped>
</testcase>
<testcase name="Training Media &amp; Galleries - Boxing Content Streaming › should load training progression photos chronologically" classname="tests/03-training-media.spec.ts" time="0">
<skipped>
</skipped>
</testcase>
<testcase name="Training Media &amp; Galleries - Boxing Content Streaming › should optimize media loading for mobile boxing fans" classname="tests/03-training-media.spec.ts" time="0">
<skipped>
</skipped>
</testcase>
<testcase name="Training Media &amp; Galleries - Boxing Content Streaming › should provide training schedule and workout information" classname="tests/03-training-media.spec.ts" time="0">
<skipped>
</skipped>
</testcase>
<testcase name="Training Media &amp; Galleries - Boxing Content Streaming › should handle training media accessibility" classname="tests/03-training-media.spec.ts" time="0">
<skipped>
</skipped>
</testcase>
</testsuite>
<testsuite name="tests/04-news-articles.spec.ts" timestamp="2025-07-23T20:13:32.068Z" hostname="firefox-desktop" tests="12" failures="0" skipped="12" time="0" errors="0">
<testcase name="News Articles &amp; Media Coverage - Boxing Journalism › should display latest boxing news articles" classname="tests/04-news-articles.spec.ts" time="0">
<skipped>
</skipped>
</testcase>
<testcase name="News Articles &amp; Media Coverage - Boxing Journalism › should show article publication dates and sources" classname="tests/04-news-articles.spec.ts" time="0">
<skipped>
</skipped>
</testcase>
<testcase name="News Articles &amp; Media Coverage - Boxing Journalism › should display boxing press releases and announcements" classname="tests/04-news-articles.spec.ts" time="0">
<skipped>
</skipped>
</testcase>
<testcase name="News Articles &amp; Media Coverage - Boxing Journalism › should provide social media sharing for articles" classname="tests/04-news-articles.spec.ts" time="0">
<skipped>
</skipped>
</testcase>
<testcase name="News Articles &amp; Media Coverage - Boxing Journalism › should display boxing interview content" classname="tests/04-news-articles.spec.ts" time="0">
<skipped>
</skipped>
</testcase>
<testcase name="News Articles &amp; Media Coverage - Boxing Journalism › should show boxing match coverage and analysis" classname="tests/04-news-articles.spec.ts" time="0">
<skipped>
</skipped>
</testcase>
<testcase name="News Articles &amp; Media Coverage - Boxing Journalism › should provide accessible news content for screen readers" classname="tests/04-news-articles.spec.ts" time="0">
<skipped>
</skipped>
</testcase>
<testcase name="News Articles &amp; Media Coverage - Boxing Journalism › should load news images efficiently" classname="tests/04-news-articles.spec.ts" time="0">
<skipped>
</skipped>
</testcase>
<testcase name="News Articles &amp; Media Coverage - Boxing Journalism › should display related boxing articles and recommendations" classname="tests/04-news-articles.spec.ts" time="0">
<skipped>
</skipped>
</testcase>
<testcase name="News Articles &amp; Media Coverage - Boxing Journalism › should support news search and filtering" classname="tests/04-news-articles.spec.ts" time="0">
<skipped>
</skipped>
</testcase>
<testcase name="News Articles &amp; Media Coverage - Boxing Journalism › should handle news article mobile experience" classname="tests/04-news-articles.spec.ts" time="0">
<skipped>
</skipped>
</testcase>
<testcase name="News Articles &amp; Media Coverage - Boxing Journalism › should display boxing news with proper SEO structure" classname="tests/04-news-articles.spec.ts" time="0">
<skipped>
</skipped>
</testcase>
</testsuite>
<testsuite name="tests/05-ticket-purchasing.spec.ts" timestamp="2025-07-23T20:13:32.068Z" hostname="firefox-desktop" tests="13" failures="0" skipped="13" time="0" errors="0">
<testcase name="Ticket Purchasing Flow - Boxing Event Sales › should display ticket purchase options prominently" classname="tests/05-ticket-purchasing.spec.ts" time="0">
<skipped>
</skipped>
</testcase>
<testcase name="Ticket Purchasing Flow - Boxing Event Sales › should show homecoming fight ticket information" classname="tests/05-ticket-purchasing.spec.ts" time="0">
<skipped>
</skipped>
</testcase>
<testcase name="Ticket Purchasing Flow - Boxing Event Sales › should navigate to ticket purchasing page" classname="tests/05-ticket-purchasing.spec.ts" time="0">
<skipped>
</skipped>
</testcase>
<testcase name="Ticket Purchasing Flow - Boxing Event Sales › should display multiple ticket tiers and pricing" classname="tests/05-ticket-purchasing.spec.ts" time="0">
<skipped>
</skipped>
</testcase>
<testcase name="Ticket Purchasing Flow - Boxing Event Sales › should handle ticket quantity selection" classname="tests/05-ticket-purchasing.spec.ts" time="0">
<skipped>
</skipped>
</testcase>
<testcase name="Ticket Purchasing Flow - Boxing Event Sales › should display boxing event details and seating information" classname="tests/05-ticket-purchasing.spec.ts" time="0">
<skipped>
</skipped>
</testcase>
<testcase name="Ticket Purchasing Flow - Boxing Event Sales › should handle payment processing integration" classname="tests/05-ticket-purchasing.spec.ts" time="0">
<skipped>
</skipped>
</testcase>
<testcase name="Ticket Purchasing Flow - Boxing Event Sales › should provide ticket purchase confirmation flow" classname="tests/05-ticket-purchasing.spec.ts" time="0">
<skipped>
</skipped>
</testcase>
<testcase name="Ticket Purchasing Flow - Boxing Event Sales › should be mobile-optimized for boxing fans" classname="tests/05-ticket-purchasing.spec.ts" time="0">
<skipped>
</skipped>
</testcase>
<testcase name="Ticket Purchasing Flow - Boxing Event Sales › should handle ticket availability and sold out scenarios" classname="tests/05-ticket-purchasing.spec.ts" time="0">
<skipped>
</skipped>
</testcase>
<testcase name="Ticket Purchasing Flow - Boxing Event Sales › should provide accessibility for ticket purchasing" classname="tests/05-ticket-purchasing.spec.ts" time="0">
<skipped>
</skipped>
</testcase>
<testcase name="Ticket Purchasing Flow - Boxing Event Sales › should load ticket purchasing page efficiently" classname="tests/05-ticket-purchasing.spec.ts" time="0">
<skipped>
</skipped>
</testcase>
<testcase name="Ticket Purchasing Flow - Boxing Event Sales › should integrate with boxing event marketing" classname="tests/05-ticket-purchasing.spec.ts" time="0">
<skipped>
</skipped>
</testcase>
</testsuite>
<testsuite name="tests/06-performance-core-web-vitals.spec.ts" timestamp="2025-07-23T20:13:32.068Z" hostname="firefox-desktop" tests="11" failures="0" skipped="11" time="0" errors="0">
<testcase name="Performance &amp; Core Web Vitals - Boxing Fan Experience › should meet Core Web Vitals thresholds for boxing content" classname="tests/06-performance-core-web-vitals.spec.ts" time="0">
<skipped>
</skipped>
</testcase>
<testcase name="Performance &amp; Core Web Vitals - Boxing Fan Experience › should optimize boxing media loading performance" classname="tests/06-performance-core-web-vitals.spec.ts" time="0">
<skipped>
</skipped>
</testcase>
<testcase name="Performance &amp; Core Web Vitals - Boxing Fan Experience › should handle 3G network conditions for fight night traffic" classname="tests/06-performance-core-web-vitals.spec.ts" time="0">
<skipped>
</skipped>
</testcase>
<testcase name="Performance &amp; Core Web Vitals - Boxing Fan Experience › should optimize resource loading and caching" classname="tests/06-performance-core-web-vitals.spec.ts" time="0">
<skipped>
</skipped>
</testcase>
<testcase name="Performance &amp; Core Web Vitals - Boxing Fan Experience › should maintain performance during user interactions" classname="tests/06-performance-core-web-vitals.spec.ts" time="0">
<skipped>
</skipped>
</testcase>
<testcase name="Performance &amp; Core Web Vitals - Boxing Fan Experience › should optimize font loading for boxing branding" classname="tests/06-performance-core-web-vitals.spec.ts" time="0">
<skipped>
</skipped>
</testcase>
<testcase name="Performance &amp; Core Web Vitals - Boxing Fan Experience › should handle image lazy loading for boxing galleries" classname="tests/06-performance-core-web-vitals.spec.ts" time="0">
<skipped>
</skipped>
</testcase>
<testcase name="Performance &amp; Core Web Vitals - Boxing Fan Experience › should optimize JavaScript loading and execution" classname="tests/06-performance-core-web-vitals.spec.ts" time="0">
<skipped>
</skipped>
</testcase>
<testcase name="Performance &amp; Core Web Vitals - Boxing Fan Experience › should maintain performance on mobile devices" classname="tests/06-performance-core-web-vitals.spec.ts" time="0">
<skipped>
</skipped>
</testcase>
<testcase name="Performance &amp; Core Web Vitals - Boxing Fan Experience › should optimize for fight night traffic spikes" classname="tests/06-performance-core-web-vitals.spec.ts" time="0">
<skipped>
</skipped>
</testcase>
<testcase name="Performance &amp; Core Web Vitals - Boxing Fan Experience › should handle offline scenarios gracefully" classname="tests/06-performance-core-web-vitals.spec.ts" time="0">
<skipped>
</skipped>
</testcase>
</testsuite>
<testsuite name="tests/07-accessibility-a11y.spec.ts" timestamp="2025-07-23T20:13:32.068Z" hostname="firefox-desktop" tests="12" failures="0" skipped="12" time="0" errors="0">
<testcase name="Accessibility &amp; Screen Reader Compatibility - Boxing A11y › should have proper heading hierarchy for boxing content" classname="tests/07-accessibility-a11y.spec.ts" time="0">
<skipped>
</skipped>
</testcase>
<testcase name="Accessibility &amp; Screen Reader Compatibility - Boxing A11y › should provide descriptive alt text for boxing images" classname="tests/07-accessibility-a11y.spec.ts" time="0">
<skipped>
</skipped>
</testcase>
<testcase name="Accessibility &amp; Screen Reader Compatibility - Boxing A11y › should support keyboard navigation for boxing fans" classname="tests/07-accessibility-a11y.spec.ts" time="0">
<skipped>
</skipped>
</testcase>
<testcase name="Accessibility &amp; Screen Reader Compatibility - Boxing A11y › should provide accessible fight statistics for screen readers" classname="tests/07-accessibility-a11y.spec.ts" time="0">
<skipped>
</skipped>
</testcase>
<testcase name="Accessibility &amp; Screen Reader Compatibility - Boxing A11y › should support screen reader announcements for dynamic content" classname="tests/07-accessibility-a11y.spec.ts" time="0">
<skipped>
</skipped>
</testcase>
<testcase name="Accessibility &amp; Screen Reader Compatibility - Boxing A11y › should provide accessible form controls for boxing interactions" classname="tests/07-accessibility-a11y.spec.ts" time="0">
<skipped>
</skipped>
</testcase>
<testcase name="Accessibility &amp; Screen Reader Compatibility - Boxing A11y › should provide accessible video content for boxing fans" classname="tests/07-accessibility-a11y.spec.ts" time="0">
<skipped>
</skipped>
</testcase>
<testcase name="Accessibility &amp; Screen Reader Compatibility - Boxing A11y › should provide accessible navigation for boxing sections" classname="tests/07-accessibility-a11y.spec.ts" time="0">
<skipped>
</skipped>
</testcase>
<testcase name="Accessibility &amp; Screen Reader Compatibility - Boxing A11y › should handle focus management for modals and overlays" classname="tests/07-accessibility-a11y.spec.ts" time="0">
<skipped>
</skipped>
</testcase>
<testcase name="Accessibility &amp; Screen Reader Compatibility - Boxing A11y › should provide accessible color contrast for boxing theme" classname="tests/07-accessibility-a11y.spec.ts" time="0">
<skipped>
</skipped>
</testcase>
<testcase name="Accessibility &amp; Screen Reader Compatibility - Boxing A11y › should support high contrast mode for boxing content" classname="tests/07-accessibility-a11y.spec.ts" time="0">
<skipped>
</skipped>
</testcase>
<testcase name="Accessibility &amp; Screen Reader Compatibility - Boxing A11y › should provide accessible error handling and feedback" classname="tests/07-accessibility-a11y.spec.ts" time="0">
<skipped>
</skipped>
</testcase>
</testsuite>
<testsuite name="tests/08-mobile-responsive.spec.ts" timestamp="2025-07-23T20:13:32.068Z" hostname="firefox-desktop" tests="12" failures="0" skipped="12" time="0" errors="0">
<testcase name="Mobile Responsive Design - Boxing Fan Mobile Experience › should adapt to various mobile screen sizes for boxing content" classname="tests/08-mobile-responsive.spec.ts" time="0">
<skipped>
</skipped>
</testcase>
<testcase name="Mobile Responsive Design - Boxing Fan Mobile Experience › should provide touch-friendly boxing interaction elements" classname="tests/08-mobile-responsive.spec.ts" time="0">
<skipped>
</skipped>
</testcase>
<testcase name="Mobile Responsive Design - Boxing Fan Mobile Experience › should optimize boxing images for mobile viewing" classname="tests/08-mobile-responsive.spec.ts" time="0">
<skipped>
</skipped>
</testcase>
<testcase name="Mobile Responsive Design - Boxing Fan Mobile Experience › should provide mobile-optimized navigation for boxing sections" classname="tests/08-mobile-responsive.spec.ts" time="0">
<skipped>
</skipped>
</testcase>
<testcase name="Mobile Responsive Design - Boxing Fan Mobile Experience › should optimize boxing statistics display for mobile" classname="tests/08-mobile-responsive.spec.ts" time="0">
<skipped>
</skipped>
</testcase>
<testcase name="Mobile Responsive Design - Boxing Fan Mobile Experience › should handle mobile video content for boxing fans" classname="tests/08-mobile-responsive.spec.ts" time="0">
<skipped>
</skipped>
</testcase>
<testcase name="Mobile Responsive Design - Boxing Fan Mobile Experience › should optimize text readability for mobile boxing fans" classname="tests/08-mobile-responsive.spec.ts" time="0">
<skipped>
</skipped>
</testcase>
<testcase name="Mobile Responsive Design - Boxing Fan Mobile Experience › should provide mobile-optimized forms and inputs" classname="tests/08-mobile-responsive.spec.ts" time="0">
<skipped>
</skipped>
</testcase>
<testcase name="Mobile Responsive Design - Boxing Fan Mobile Experience › should handle orientation changes for boxing content" classname="tests/08-mobile-responsive.spec.ts" time="0">
<skipped>
</skipped>
</testcase>
<testcase name="Mobile Responsive Design - Boxing Fan Mobile Experience › should optimize for mobile performance during fight events" classname="tests/08-mobile-responsive.spec.ts" time="0">
<skipped>
</skipped>
</testcase>
<testcase name="Mobile Responsive Design - Boxing Fan Mobile Experience › should provide accessible mobile interactions for boxing fans" classname="tests/08-mobile-responsive.spec.ts" time="0">
<skipped>
</skipped>
</testcase>
<testcase name="Mobile Responsive Design - Boxing Fan Mobile Experience › should handle mobile app-like features for boxing fans" classname="tests/08-mobile-responsive.spec.ts" time="0">
<skipped>
</skipped>
</testcase>
</testsuite>
<testsuite name="tests/09-visual-regression.spec.ts" timestamp="2025-07-23T20:13:32.068Z" hostname="firefox-desktop" tests="13" failures="0" skipped="13" time="0" errors="0">
<testcase name="Visual Regression Testing - Boxing Brand Consistency › should maintain homepage hero section visual consistency" classname="tests/09-visual-regression.spec.ts" time="0">
<skipped>
</skipped>
</testcase>
<testcase name="Visual Regression Testing - Boxing Brand Consistency › should maintain fight record statistics visual layout" classname="tests/09-visual-regression.spec.ts" time="0">
<skipped>
</skipped>
</testcase>
<testcase name="Visual Regression Testing - Boxing Brand Consistency › should maintain training photo gallery layout" classname="tests/09-visual-regression.spec.ts" time="0">
<skipped>
</skipped>
</testcase>
<testcase name="Visual Regression Testing - Boxing Brand Consistency › should maintain fight poster and promotion images consistency" classname="tests/09-visual-regression.spec.ts" time="0">
<skipped>
</skipped>
</testcase>
<testcase name="Visual Regression Testing - Boxing Brand Consistency › should maintain responsive layout consistency on mobile" classname="tests/09-visual-regression.spec.ts" time="0">
<skipped>
</skipped>
</testcase>
<testcase name="Visual Regression Testing - Boxing Brand Consistency › should maintain boxing brand color scheme consistency" classname="tests/09-visual-regression.spec.ts" time="0">
<skipped>
</skipped>
</testcase>
<testcase name="Visual Regression Testing - Boxing Brand Consistency › should maintain button and CTA visual consistency" classname="tests/09-visual-regression.spec.ts" time="0">
<skipped>
</skipped>
</testcase>
<testcase name="Visual Regression Testing - Boxing Brand Consistency › should maintain typography consistency across boxing content" classname="tests/09-visual-regression.spec.ts" time="0">
<skipped>
</skipped>
</testcase>
<testcase name="Visual Regression Testing - Boxing Brand Consistency › should maintain cross-browser visual consistency" classname="tests/09-visual-regression.spec.ts" time="0">
<skipped>
</skipped>
</testcase>
<testcase name="Visual Regression Testing - Boxing Brand Consistency › should detect visual regressions in fight card layouts" classname="tests/09-visual-regression.spec.ts" time="0">
<skipped>
</skipped>
</testcase>
<testcase name="Visual Regression Testing - Boxing Brand Consistency › should maintain footer and contact information layout" classname="tests/09-visual-regression.spec.ts" time="0">
<skipped>
</skipped>
</testcase>
<testcase name="Visual Regression Testing - Boxing Brand Consistency › should detect visual regressions during hover interactions" classname="tests/09-visual-regression.spec.ts" time="0">
<skipped>
</skipped>
</testcase>
<testcase name="Visual Regression Testing - Boxing Brand Consistency › should maintain visual consistency with loading states" classname="tests/09-visual-regression.spec.ts" time="0">
<skipped>
</skipped>
</testcase>
</testsuite>
<testsuite name="tests/01-homepage-hero.spec.ts" timestamp="2025-07-23T20:13:32.068Z" hostname="webkit-desktop" tests="9" failures="0" skipped="9" time="0" errors="0">
<testcase name="Homepage Hero Section - Boxing Fan Experience › should load hero section with Kumar&apos;s branding under 3 seconds" classname="tests/01-homepage-hero.spec.ts" time="0">
<skipped>
</skipped>
</testcase>
<testcase name="Homepage Hero Section - Boxing Fan Experience › should display fight statistics prominently" classname="tests/01-homepage-hero.spec.ts" time="0">
<skipped>
</skipped>
</testcase>
<testcase name="Homepage Hero Section - Boxing Fan Experience › should show upcoming homecoming fight prominently" classname="tests/01-homepage-hero.spec.ts" time="0">
<skipped>
</skipped>
</testcase>
<testcase name="Homepage Hero Section - Boxing Fan Experience › should load background video without blocking content" classname="tests/01-homepage-hero.spec.ts" time="0">
<skipped>
</skipped>
</testcase>
<testcase name="Homepage Hero Section - Boxing Fan Experience › should display social media links for boxing fans" classname="tests/01-homepage-hero.spec.ts" time="0">
<skipped>
</skipped>
</testcase>
<testcase name="Homepage Hero Section - Boxing Fan Experience › should be accessible to screen readers for fight stats" classname="tests/01-homepage-hero.spec.ts" time="0">
<skipped>
</skipped>
</testcase>
<testcase name="Homepage Hero Section - Boxing Fan Experience › should handle mobile boxing fan interactions" classname="tests/01-homepage-hero.spec.ts" time="0">
<skipped>
</skipped>
</testcase>
<testcase name="Homepage Hero Section - Boxing Fan Experience › should load fight promotion images efficiently" classname="tests/01-homepage-hero.spec.ts" time="0">
<skipped>
</skipped>
</testcase>
<testcase name="Homepage Hero Section - Boxing Fan Experience › should show proper error handling for missing content" classname="tests/01-homepage-hero.spec.ts" time="0">
<skipped>
</skipped>
</testcase>
</testsuite>
<testsuite name="tests/02-fight-records.spec.ts" timestamp="2025-07-23T20:13:32.068Z" hostname="webkit-desktop" tests="11" failures="0" skipped="11" time="0" errors="0">
<testcase name="Fight Records &amp; Statistics - Boxing Data Accuracy › should display accurate professional fight record" classname="tests/02-fight-records.spec.ts" time="0">
<skipped>
</skipped>
</testcase>
<testcase name="Fight Records &amp; Statistics - Boxing Data Accuracy › should show detailed fight history with opponents" classname="tests/02-fight-records.spec.ts" time="0">
<skipped>
</skipped>
</testcase>
<testcase name="Fight Records &amp; Statistics - Boxing Data Accuracy › should display fight venues and dates accurately" classname="tests/02-fight-records.spec.ts" time="0">
<skipped>
</skipped>
</testcase>
<testcase name="Fight Records &amp; Statistics - Boxing Data Accuracy › should show fight method details (KO, TKO, Decision)" classname="tests/02-fight-records.spec.ts" time="0">
<skipped>
</skipped>
</testcase>
<testcase name="Fight Records &amp; Statistics - Boxing Data Accuracy › should display upcoming homecoming fight" classname="tests/02-fight-records.spec.ts" time="0">
<skipped>
</skipped>
</testcase>
<testcase name="Fight Records &amp; Statistics - Boxing Data Accuracy › should load fight posters and media efficiently" classname="tests/02-fight-records.spec.ts" time="0">
<skipped>
</skipped>
</testcase>
<testcase name="Fight Records &amp; Statistics - Boxing Data Accuracy › should display opponent statistics and records" classname="tests/02-fight-records.spec.ts" time="0">
<skipped>
</skipped>
</testcase>
<testcase name="Fight Records &amp; Statistics - Boxing Data Accuracy › should be mobile-responsive for boxing fans" classname="tests/02-fight-records.spec.ts" time="0">
<skipped>
</skipped>
</testcase>
<testcase name="Fight Records &amp; Statistics - Boxing Data Accuracy › should handle fight statistics calculations correctly" classname="tests/02-fight-records.spec.ts" time="0">
<skipped>
</skipped>
</testcase>
<testcase name="Fight Records &amp; Statistics - Boxing Data Accuracy › should provide accessible fight information for screen readers" classname="tests/02-fight-records.spec.ts" time="0">
<skipped>
</skipped>
</testcase>
<testcase name="Fight Records &amp; Statistics - Boxing Data Accuracy › should load fight highlights and media" classname="tests/02-fight-records.spec.ts" time="0">
<skipped>
</skipped>
</testcase>
</testsuite>
<testsuite name="tests/03-training-media.spec.ts" timestamp="2025-07-23T20:13:32.068Z" hostname="webkit-desktop" tests="10" failures="0" skipped="10" time="0" errors="0">
<testcase name="Training Media &amp; Galleries - Boxing Content Streaming › should load training photo gallery efficiently" classname="tests/03-training-media.spec.ts" time="0">
<skipped>
</skipped>
</testcase>
<testcase name="Training Media &amp; Galleries - Boxing Content Streaming › should implement lazy loading for training images" classname="tests/03-training-media.spec.ts" time="0">
<skipped>
</skipped>
</testcase>
<testcase name="Training Media &amp; Galleries - Boxing Content Streaming › should display training video content properly" classname="tests/03-training-media.spec.ts" time="0">
<skipped>
</skipped>
</testcase>
<testcase name="Training Media &amp; Galleries - Boxing Content Streaming › should handle training media filtering and categorization" classname="tests/03-training-media.spec.ts" time="0">
<skipped>
</skipped>
</testcase>
<testcase name="Training Media &amp; Galleries - Boxing Content Streaming › should provide high-quality training image viewing" classname="tests/03-training-media.spec.ts" time="0">
<skipped>
</skipped>
</testcase>
<testcase name="Training Media &amp; Galleries - Boxing Content Streaming › should support social media sharing of training content" classname="tests/03-training-media.spec.ts" time="0">
<skipped>
</skipped>
</testcase>
<testcase name="Training Media &amp; Galleries - Boxing Content Streaming › should load training progression photos chronologically" classname="tests/03-training-media.spec.ts" time="0">
<skipped>
</skipped>
</testcase>
<testcase name="Training Media &amp; Galleries - Boxing Content Streaming › should optimize media loading for mobile boxing fans" classname="tests/03-training-media.spec.ts" time="0">
<skipped>
</skipped>
</testcase>
<testcase name="Training Media &amp; Galleries - Boxing Content Streaming › should provide training schedule and workout information" classname="tests/03-training-media.spec.ts" time="0">
<skipped>
</skipped>
</testcase>
<testcase name="Training Media &amp; Galleries - Boxing Content Streaming › should handle training media accessibility" classname="tests/03-training-media.spec.ts" time="0">
<skipped>
</skipped>
</testcase>
</testsuite>
<testsuite name="tests/04-news-articles.spec.ts" timestamp="2025-07-23T20:13:32.068Z" hostname="webkit-desktop" tests="12" failures="0" skipped="12" time="0" errors="0">
<testcase name="News Articles &amp; Media Coverage - Boxing Journalism › should display latest boxing news articles" classname="tests/04-news-articles.spec.ts" time="0">
<skipped>
</skipped>
</testcase>
<testcase name="News Articles &amp; Media Coverage - Boxing Journalism › should show article publication dates and sources" classname="tests/04-news-articles.spec.ts" time="0">
<skipped>
</skipped>
</testcase>
<testcase name="News Articles &amp; Media Coverage - Boxing Journalism › should display boxing press releases and announcements" classname="tests/04-news-articles.spec.ts" time="0">
<skipped>
</skipped>
</testcase>
<testcase name="News Articles &amp; Media Coverage - Boxing Journalism › should provide social media sharing for articles" classname="tests/04-news-articles.spec.ts" time="0">
<skipped>
</skipped>
</testcase>
<testcase name="News Articles &amp; Media Coverage - Boxing Journalism › should display boxing interview content" classname="tests/04-news-articles.spec.ts" time="0">
<skipped>
</skipped>
</testcase>
<testcase name="News Articles &amp; Media Coverage - Boxing Journalism › should show boxing match coverage and analysis" classname="tests/04-news-articles.spec.ts" time="0">
<skipped>
</skipped>
</testcase>
<testcase name="News Articles &amp; Media Coverage - Boxing Journalism › should provide accessible news content for screen readers" classname="tests/04-news-articles.spec.ts" time="0">
<skipped>
</skipped>
</testcase>
<testcase name="News Articles &amp; Media Coverage - Boxing Journalism › should load news images efficiently" classname="tests/04-news-articles.spec.ts" time="0">
<skipped>
</skipped>
</testcase>
<testcase name="News Articles &amp; Media Coverage - Boxing Journalism › should display related boxing articles and recommendations" classname="tests/04-news-articles.spec.ts" time="0">
<skipped>
</skipped>
</testcase>
<testcase name="News Articles &amp; Media Coverage - Boxing Journalism › should support news search and filtering" classname="tests/04-news-articles.spec.ts" time="0">
<skipped>
</skipped>
</testcase>
<testcase name="News Articles &amp; Media Coverage - Boxing Journalism › should handle news article mobile experience" classname="tests/04-news-articles.spec.ts" time="0">
<skipped>
</skipped>
</testcase>
<testcase name="News Articles &amp; Media Coverage - Boxing Journalism › should display boxing news with proper SEO structure" classname="tests/04-news-articles.spec.ts" time="0">
<skipped>
</skipped>
</testcase>
</testsuite>
<testsuite name="tests/05-ticket-purchasing.spec.ts" timestamp="2025-07-23T20:13:32.068Z" hostname="webkit-desktop" tests="13" failures="0" skipped="13" time="0" errors="0">
<testcase name="Ticket Purchasing Flow - Boxing Event Sales › should display ticket purchase options prominently" classname="tests/05-ticket-purchasing.spec.ts" time="0">
<skipped>
</skipped>
</testcase>
<testcase name="Ticket Purchasing Flow - Boxing Event Sales › should show homecoming fight ticket information" classname="tests/05-ticket-purchasing.spec.ts" time="0">
<skipped>
</skipped>
</testcase>
<testcase name="Ticket Purchasing Flow - Boxing Event Sales › should navigate to ticket purchasing page" classname="tests/05-ticket-purchasing.spec.ts" time="0">
<skipped>
</skipped>
</testcase>
<testcase name="Ticket Purchasing Flow - Boxing Event Sales › should display multiple ticket tiers and pricing" classname="tests/05-ticket-purchasing.spec.ts" time="0">
<skipped>
</skipped>
</testcase>
<testcase name="Ticket Purchasing Flow - Boxing Event Sales › should handle ticket quantity selection" classname="tests/05-ticket-purchasing.spec.ts" time="0">
<skipped>
</skipped>
</testcase>
<testcase name="Ticket Purchasing Flow - Boxing Event Sales › should display boxing event details and seating information" classname="tests/05-ticket-purchasing.spec.ts" time="0">
<skipped>
</skipped>
</testcase>
<testcase name="Ticket Purchasing Flow - Boxing Event Sales › should handle payment processing integration" classname="tests/05-ticket-purchasing.spec.ts" time="0">
<skipped>
</skipped>
</testcase>
<testcase name="Ticket Purchasing Flow - Boxing Event Sales › should provide ticket purchase confirmation flow" classname="tests/05-ticket-purchasing.spec.ts" time="0">
<skipped>
</skipped>
</testcase>
<testcase name="Ticket Purchasing Flow - Boxing Event Sales › should be mobile-optimized for boxing fans" classname="tests/05-ticket-purchasing.spec.ts" time="0">
<skipped>
</skipped>
</testcase>
<testcase name="Ticket Purchasing Flow - Boxing Event Sales › should handle ticket availability and sold out scenarios" classname="tests/05-ticket-purchasing.spec.ts" time="0">
<skipped>
</skipped>
</testcase>
<testcase name="Ticket Purchasing Flow - Boxing Event Sales › should provide accessibility for ticket purchasing" classname="tests/05-ticket-purchasing.spec.ts" time="0">
<skipped>
</skipped>
</testcase>
<testcase name="Ticket Purchasing Flow - Boxing Event Sales › should load ticket purchasing page efficiently" classname="tests/05-ticket-purchasing.spec.ts" time="0">
<skipped>
</skipped>
</testcase>
<testcase name="Ticket Purchasing Flow - Boxing Event Sales › should integrate with boxing event marketing" classname="tests/05-ticket-purchasing.spec.ts" time="0">
<skipped>
</skipped>
</testcase>
</testsuite>
<testsuite name="tests/06-performance-core-web-vitals.spec.ts" timestamp="2025-07-23T20:13:32.068Z" hostname="webkit-desktop" tests="11" failures="0" skipped="11" time="0" errors="0">
<testcase name="Performance &amp; Core Web Vitals - Boxing Fan Experience › should meet Core Web Vitals thresholds for boxing content" classname="tests/06-performance-core-web-vitals.spec.ts" time="0">
<skipped>
</skipped>
</testcase>
<testcase name="Performance &amp; Core Web Vitals - Boxing Fan Experience › should optimize boxing media loading performance" classname="tests/06-performance-core-web-vitals.spec.ts" time="0">
<skipped>
</skipped>
</testcase>
<testcase name="Performance &amp; Core Web Vitals - Boxing Fan Experience › should handle 3G network conditions for fight night traffic" classname="tests/06-performance-core-web-vitals.spec.ts" time="0">
<skipped>
</skipped>
</testcase>
<testcase name="Performance &amp; Core Web Vitals - Boxing Fan Experience › should optimize resource loading and caching" classname="tests/06-performance-core-web-vitals.spec.ts" time="0">
<skipped>
</skipped>
</testcase>
<testcase name="Performance &amp; Core Web Vitals - Boxing Fan Experience › should maintain performance during user interactions" classname="tests/06-performance-core-web-vitals.spec.ts" time="0">
<skipped>
</skipped>
</testcase>
<testcase name="Performance &amp; Core Web Vitals - Boxing Fan Experience › should optimize font loading for boxing branding" classname="tests/06-performance-core-web-vitals.spec.ts" time="0">
<skipped>
</skipped>
</testcase>
<testcase name="Performance &amp; Core Web Vitals - Boxing Fan Experience › should handle image lazy loading for boxing galleries" classname="tests/06-performance-core-web-vitals.spec.ts" time="0">
<skipped>
</skipped>
</testcase>
<testcase name="Performance &amp; Core Web Vitals - Boxing Fan Experience › should optimize JavaScript loading and execution" classname="tests/06-performance-core-web-vitals.spec.ts" time="0">
<skipped>
</skipped>
</testcase>
<testcase name="Performance &amp; Core Web Vitals - Boxing Fan Experience › should maintain performance on mobile devices" classname="tests/06-performance-core-web-vitals.spec.ts" time="0">
<skipped>
</skipped>
</testcase>
<testcase name="Performance &amp; Core Web Vitals - Boxing Fan Experience › should optimize for fight night traffic spikes" classname="tests/06-performance-core-web-vitals.spec.ts" time="0">
<skipped>
</skipped>
</testcase>
<testcase name="Performance &amp; Core Web Vitals - Boxing Fan Experience › should handle offline scenarios gracefully" classname="tests/06-performance-core-web-vitals.spec.ts" time="0">
<skipped>
</skipped>
</testcase>
</testsuite>
<testsuite name="tests/07-accessibility-a11y.spec.ts" timestamp="2025-07-23T20:13:32.068Z" hostname="webkit-desktop" tests="12" failures="0" skipped="12" time="0" errors="0">
<testcase name="Accessibility &amp; Screen Reader Compatibility - Boxing A11y › should have proper heading hierarchy for boxing content" classname="tests/07-accessibility-a11y.spec.ts" time="0">
<skipped>
</skipped>
</testcase>
<testcase name="Accessibility &amp; Screen Reader Compatibility - Boxing A11y › should provide descriptive alt text for boxing images" classname="tests/07-accessibility-a11y.spec.ts" time="0">
<skipped>
</skipped>
</testcase>
<testcase name="Accessibility &amp; Screen Reader Compatibility - Boxing A11y › should support keyboard navigation for boxing fans" classname="tests/07-accessibility-a11y.spec.ts" time="0">
<skipped>
</skipped>
</testcase>
<testcase name="Accessibility &amp; Screen Reader Compatibility - Boxing A11y › should provide accessible fight statistics for screen readers" classname="tests/07-accessibility-a11y.spec.ts" time="0">
<skipped>
</skipped>
</testcase>
<testcase name="Accessibility &amp; Screen Reader Compatibility - Boxing A11y › should support screen reader announcements for dynamic content" classname="tests/07-accessibility-a11y.spec.ts" time="0">
<skipped>
</skipped>
</testcase>
<testcase name="Accessibility &amp; Screen Reader Compatibility - Boxing A11y › should provide accessible form controls for boxing interactions" classname="tests/07-accessibility-a11y.spec.ts" time="0">
<skipped>
</skipped>
</testcase>
<testcase name="Accessibility &amp; Screen Reader Compatibility - Boxing A11y › should provide accessible video content for boxing fans" classname="tests/07-accessibility-a11y.spec.ts" time="0">
<skipped>
</skipped>
</testcase>
<testcase name="Accessibility &amp; Screen Reader Compatibility - Boxing A11y › should provide accessible navigation for boxing sections" classname="tests/07-accessibility-a11y.spec.ts" time="0">
<skipped>
</skipped>
</testcase>
<testcase name="Accessibility &amp; Screen Reader Compatibility - Boxing A11y › should handle focus management for modals and overlays" classname="tests/07-accessibility-a11y.spec.ts" time="0">
<skipped>
</skipped>
</testcase>
<testcase name="Accessibility &amp; Screen Reader Compatibility - Boxing A11y › should provide accessible color contrast for boxing theme" classname="tests/07-accessibility-a11y.spec.ts" time="0">
<skipped>
</skipped>
</testcase>
<testcase name="Accessibility &amp; Screen Reader Compatibility - Boxing A11y › should support high contrast mode for boxing content" classname="tests/07-accessibility-a11y.spec.ts" time="0">
<skipped>
</skipped>
</testcase>
<testcase name="Accessibility &amp; Screen Reader Compatibility - Boxing A11y › should provide accessible error handling and feedback" classname="tests/07-accessibility-a11y.spec.ts" time="0">
<skipped>
</skipped>
</testcase>
</testsuite>
<testsuite name="tests/08-mobile-responsive.spec.ts" timestamp="2025-07-23T20:13:32.068Z" hostname="webkit-desktop" tests="12" failures="0" skipped="12" time="0" errors="0">
<testcase name="Mobile Responsive Design - Boxing Fan Mobile Experience › should adapt to various mobile screen sizes for boxing content" classname="tests/08-mobile-responsive.spec.ts" time="0">
<skipped>
</skipped>
</testcase>
<testcase name="Mobile Responsive Design - Boxing Fan Mobile Experience › should provide touch-friendly boxing interaction elements" classname="tests/08-mobile-responsive.spec.ts" time="0">
<skipped>
</skipped>
</testcase>
<testcase name="Mobile Responsive Design - Boxing Fan Mobile Experience › should optimize boxing images for mobile viewing" classname="tests/08-mobile-responsive.spec.ts" time="0">
<skipped>
</skipped>
</testcase>
<testcase name="Mobile Responsive Design - Boxing Fan Mobile Experience › should provide mobile-optimized navigation for boxing sections" classname="tests/08-mobile-responsive.spec.ts" time="0">
<skipped>
</skipped>
</testcase>
<testcase name="Mobile Responsive Design - Boxing Fan Mobile Experience › should optimize boxing statistics display for mobile" classname="tests/08-mobile-responsive.spec.ts" time="0">
<skipped>
</skipped>
</testcase>
<testcase name="Mobile Responsive Design - Boxing Fan Mobile Experience › should handle mobile video content for boxing fans" classname="tests/08-mobile-responsive.spec.ts" time="0">
<skipped>
</skipped>
</testcase>
<testcase name="Mobile Responsive Design - Boxing Fan Mobile Experience › should optimize text readability for mobile boxing fans" classname="tests/08-mobile-responsive.spec.ts" time="0">
<skipped>
</skipped>
</testcase>
<testcase name="Mobile Responsive Design - Boxing Fan Mobile Experience › should provide mobile-optimized forms and inputs" classname="tests/08-mobile-responsive.spec.ts" time="0">
<skipped>
</skipped>
</testcase>
<testcase name="Mobile Responsive Design - Boxing Fan Mobile Experience › should handle orientation changes for boxing content" classname="tests/08-mobile-responsive.spec.ts" time="0">
<skipped>
</skipped>
</testcase>
<testcase name="Mobile Responsive Design - Boxing Fan Mobile Experience › should optimize for mobile performance during fight events" classname="tests/08-mobile-responsive.spec.ts" time="0">
<skipped>
</skipped>
</testcase>
<testcase name="Mobile Responsive Design - Boxing Fan Mobile Experience › should provide accessible mobile interactions for boxing fans" classname="tests/08-mobile-responsive.spec.ts" time="0">
<skipped>
</skipped>
</testcase>
<testcase name="Mobile Responsive Design - Boxing Fan Mobile Experience › should handle mobile app-like features for boxing fans" classname="tests/08-mobile-responsive.spec.ts" time="0">
<skipped>
</skipped>
</testcase>
</testsuite>
<testsuite name="tests/09-visual-regression.spec.ts" timestamp="2025-07-23T20:13:32.068Z" hostname="webkit-desktop" tests="13" failures="0" skipped="13" time="0" errors="0">
<testcase name="Visual Regression Testing - Boxing Brand Consistency › should maintain homepage hero section visual consistency" classname="tests/09-visual-regression.spec.ts" time="0">
<skipped>
</skipped>
</testcase>
<testcase name="Visual Regression Testing - Boxing Brand Consistency › should maintain fight record statistics visual layout" classname="tests/09-visual-regression.spec.ts" time="0">
<skipped>
</skipped>
</testcase>
<testcase name="Visual Regression Testing - Boxing Brand Consistency › should maintain training photo gallery layout" classname="tests/09-visual-regression.spec.ts" time="0">
<skipped>
</skipped>
</testcase>
<testcase name="Visual Regression Testing - Boxing Brand Consistency › should maintain fight poster and promotion images consistency" classname="tests/09-visual-regression.spec.ts" time="0">
<skipped>
</skipped>
</testcase>
<testcase name="Visual Regression Testing - Boxing Brand Consistency › should maintain responsive layout consistency on mobile" classname="tests/09-visual-regression.spec.ts" time="0">
<skipped>
</skipped>
</testcase>
<testcase name="Visual Regression Testing - Boxing Brand Consistency › should maintain boxing brand color scheme consistency" classname="tests/09-visual-regression.spec.ts" time="0">
<skipped>
</skipped>
</testcase>
<testcase name="Visual Regression Testing - Boxing Brand Consistency › should maintain button and CTA visual consistency" classname="tests/09-visual-regression.spec.ts" time="0">
<skipped>
</skipped>
</testcase>
<testcase name="Visual Regression Testing - Boxing Brand Consistency › should maintain typography consistency across boxing content" classname="tests/09-visual-regression.spec.ts" time="0">
<skipped>
</skipped>
</testcase>
<testcase name="Visual Regression Testing - Boxing Brand Consistency › should maintain cross-browser visual consistency" classname="tests/09-visual-regression.spec.ts" time="0">
<skipped>
</skipped>
</testcase>
<testcase name="Visual Regression Testing - Boxing Brand Consistency › should detect visual regressions in fight card layouts" classname="tests/09-visual-regression.spec.ts" time="0">
<skipped>
</skipped>
</testcase>
<testcase name="Visual Regression Testing - Boxing Brand Consistency › should maintain footer and contact information layout" classname="tests/09-visual-regression.spec.ts" time="0">
<skipped>
</skipped>
</testcase>
<testcase name="Visual Regression Testing - Boxing Brand Consistency › should detect visual regressions during hover interactions" classname="tests/09-visual-regression.spec.ts" time="0">
<skipped>
</skipped>
</testcase>
<testcase name="Visual Regression Testing - Boxing Brand Consistency › should maintain visual consistency with loading states" classname="tests/09-visual-regression.spec.ts" time="0">
<skipped>
</skipped>
</testcase>
</testsuite>
<testsuite name="tests/01-homepage-hero.spec.ts" timestamp="2025-07-23T20:13:32.068Z" hostname="mobile-chrome" tests="9" failures="0" skipped="9" time="0" errors="0">
<testcase name="Homepage Hero Section - Boxing Fan Experience › should load hero section with Kumar&apos;s branding under 3 seconds" classname="tests/01-homepage-hero.spec.ts" time="0">
<skipped>
</skipped>
</testcase>
<testcase name="Homepage Hero Section - Boxing Fan Experience › should display fight statistics prominently" classname="tests/01-homepage-hero.spec.ts" time="0">
<skipped>
</skipped>
</testcase>
<testcase name="Homepage Hero Section - Boxing Fan Experience › should show upcoming homecoming fight prominently" classname="tests/01-homepage-hero.spec.ts" time="0">
<skipped>
</skipped>
</testcase>
<testcase name="Homepage Hero Section - Boxing Fan Experience › should load background video without blocking content" classname="tests/01-homepage-hero.spec.ts" time="0">
<skipped>
</skipped>
</testcase>
<testcase name="Homepage Hero Section - Boxing Fan Experience › should display social media links for boxing fans" classname="tests/01-homepage-hero.spec.ts" time="0">
<skipped>
</skipped>
</testcase>
<testcase name="Homepage Hero Section - Boxing Fan Experience › should be accessible to screen readers for fight stats" classname="tests/01-homepage-hero.spec.ts" time="0">
<skipped>
</skipped>
</testcase>
<testcase name="Homepage Hero Section - Boxing Fan Experience › should handle mobile boxing fan interactions" classname="tests/01-homepage-hero.spec.ts" time="0">
<skipped>
</skipped>
</testcase>
<testcase name="Homepage Hero Section - Boxing Fan Experience › should load fight promotion images efficiently" classname="tests/01-homepage-hero.spec.ts" time="0">
<skipped>
</skipped>
</testcase>
<testcase name="Homepage Hero Section - Boxing Fan Experience › should show proper error handling for missing content" classname="tests/01-homepage-hero.spec.ts" time="0">
<skipped>
</skipped>
</testcase>
</testsuite>
<testsuite name="tests/02-fight-records.spec.ts" timestamp="2025-07-23T20:13:32.068Z" hostname="mobile-chrome" tests="11" failures="0" skipped="11" time="0" errors="0">
<testcase name="Fight Records &amp; Statistics - Boxing Data Accuracy › should display accurate professional fight record" classname="tests/02-fight-records.spec.ts" time="0">
<skipped>
</skipped>
</testcase>
<testcase name="Fight Records &amp; Statistics - Boxing Data Accuracy › should show detailed fight history with opponents" classname="tests/02-fight-records.spec.ts" time="0">
<skipped>
</skipped>
</testcase>
<testcase name="Fight Records &amp; Statistics - Boxing Data Accuracy › should display fight venues and dates accurately" classname="tests/02-fight-records.spec.ts" time="0">
<skipped>
</skipped>
</testcase>
<testcase name="Fight Records &amp; Statistics - Boxing Data Accuracy › should show fight method details (KO, TKO, Decision)" classname="tests/02-fight-records.spec.ts" time="0">
<skipped>
</skipped>
</testcase>
<testcase name="Fight Records &amp; Statistics - Boxing Data Accuracy › should display upcoming homecoming fight" classname="tests/02-fight-records.spec.ts" time="0">
<skipped>
</skipped>
</testcase>
<testcase name="Fight Records &amp; Statistics - Boxing Data Accuracy › should load fight posters and media efficiently" classname="tests/02-fight-records.spec.ts" time="0">
<skipped>
</skipped>
</testcase>
<testcase name="Fight Records &amp; Statistics - Boxing Data Accuracy › should display opponent statistics and records" classname="tests/02-fight-records.spec.ts" time="0">
<skipped>
</skipped>
</testcase>
<testcase name="Fight Records &amp; Statistics - Boxing Data Accuracy › should be mobile-responsive for boxing fans" classname="tests/02-fight-records.spec.ts" time="0">
<skipped>
</skipped>
</testcase>
<testcase name="Fight Records &amp; Statistics - Boxing Data Accuracy › should handle fight statistics calculations correctly" classname="tests/02-fight-records.spec.ts" time="0">
<skipped>
</skipped>
</testcase>
<testcase name="Fight Records &amp; Statistics - Boxing Data Accuracy › should provide accessible fight information for screen readers" classname="tests/02-fight-records.spec.ts" time="0">
<skipped>
</skipped>
</testcase>
<testcase name="Fight Records &amp; Statistics - Boxing Data Accuracy › should load fight highlights and media" classname="tests/02-fight-records.spec.ts" time="0">
<skipped>
</skipped>
</testcase>
</testsuite>
<testsuite name="tests/03-training-media.spec.ts" timestamp="2025-07-23T20:13:32.068Z" hostname="mobile-chrome" tests="10" failures="0" skipped="10" time="0" errors="0">
<testcase name="Training Media &amp; Galleries - Boxing Content Streaming › should load training photo gallery efficiently" classname="tests/03-training-media.spec.ts" time="0">
<skipped>
</skipped>
</testcase>
<testcase name="Training Media &amp; Galleries - Boxing Content Streaming › should implement lazy loading for training images" classname="tests/03-training-media.spec.ts" time="0">
<skipped>
</skipped>
</testcase>
<testcase name="Training Media &amp; Galleries - Boxing Content Streaming › should display training video content properly" classname="tests/03-training-media.spec.ts" time="0">
<skipped>
</skipped>
</testcase>
<testcase name="Training Media &amp; Galleries - Boxing Content Streaming › should handle training media filtering and categorization" classname="tests/03-training-media.spec.ts" time="0">
<skipped>
</skipped>
</testcase>
<testcase name="Training Media &amp; Galleries - Boxing Content Streaming › should provide high-quality training image viewing" classname="tests/03-training-media.spec.ts" time="0">
<skipped>
</skipped>
</testcase>
<testcase name="Training Media &amp; Galleries - Boxing Content Streaming › should support social media sharing of training content" classname="tests/03-training-media.spec.ts" time="0">
<skipped>
</skipped>
</testcase>
<testcase name="Training Media &amp; Galleries - Boxing Content Streaming › should load training progression photos chronologically" classname="tests/03-training-media.spec.ts" time="0">
<skipped>
</skipped>
</testcase>
<testcase name="Training Media &amp; Galleries - Boxing Content Streaming › should optimize media loading for mobile boxing fans" classname="tests/03-training-media.spec.ts" time="0">
<skipped>
</skipped>
</testcase>
<testcase name="Training Media &amp; Galleries - Boxing Content Streaming › should provide training schedule and workout information" classname="tests/03-training-media.spec.ts" time="0">
<skipped>
</skipped>
</testcase>
<testcase name="Training Media &amp; Galleries - Boxing Content Streaming › should handle training media accessibility" classname="tests/03-training-media.spec.ts" time="0">
<skipped>
</skipped>
</testcase>
</testsuite>
<testsuite name="tests/04-news-articles.spec.ts" timestamp="2025-07-23T20:13:32.068Z" hostname="mobile-chrome" tests="12" failures="0" skipped="12" time="0" errors="0">
<testcase name="News Articles &amp; Media Coverage - Boxing Journalism › should display latest boxing news articles" classname="tests/04-news-articles.spec.ts" time="0">
<skipped>
</skipped>
</testcase>
<testcase name="News Articles &amp; Media Coverage - Boxing Journalism › should show article publication dates and sources" classname="tests/04-news-articles.spec.ts" time="0">
<skipped>
</skipped>
</testcase>
<testcase name="News Articles &amp; Media Coverage - Boxing Journalism › should display boxing press releases and announcements" classname="tests/04-news-articles.spec.ts" time="0">
<skipped>
</skipped>
</testcase>
<testcase name="News Articles &amp; Media Coverage - Boxing Journalism › should provide social media sharing for articles" classname="tests/04-news-articles.spec.ts" time="0">
<skipped>
</skipped>
</testcase>
<testcase name="News Articles &amp; Media Coverage - Boxing Journalism › should display boxing interview content" classname="tests/04-news-articles.spec.ts" time="0">
<skipped>
</skipped>
</testcase>
<testcase name="News Articles &amp; Media Coverage - Boxing Journalism › should show boxing match coverage and analysis" classname="tests/04-news-articles.spec.ts" time="0">
<skipped>
</skipped>
</testcase>
<testcase name="News Articles &amp; Media Coverage - Boxing Journalism › should provide accessible news content for screen readers" classname="tests/04-news-articles.spec.ts" time="0">
<skipped>
</skipped>
</testcase>
[...]
<skipped>
</skipped>
</testcase>
<testcase name="Fight Records &amp; Statistics - Boxing Data Accuracy › should handle fight statistics calculations correctly" classname="tests/02-fight-records.spec.ts" time="0">
<skipped>
</skipped>
</testcase>
<testcase name="Fight Records &amp; Statistics - Boxing Data Accuracy › should provide accessible fight information for screen readers" classname="tests/02-fight-records.spec.ts" time="0">
<skipped>
</skipped>
</testcase>
<testcase name="Fight Records &amp; Statistics - Boxing Data Accuracy › should load fight highlights and media" classname="tests/02-fight-records.spec.ts" time="0">
<skipped>
</skipped>
</testcase>
</testsuite>
<testsuite name="tests/03-training-media.spec.ts" timestamp="2025-07-23T20:13:32.068Z" hostname="accessibility" tests="10" failures="0" skipped="10" time="0" errors="0">
<testcase name="Training Media &amp; Galleries - Boxing Content Streaming › should load training photo gallery efficiently" classname="tests/03-training-media.spec.ts" time="0">
<skipped>
</skipped>
</testcase>
<testcase name="Training Media &amp; Galleries - Boxing Content Streaming › should implement lazy loading for training images" classname="tests/03-training-media.spec.ts" time="0">
<skipped>
</skipped>
</testcase>
<testcase name="Training Media &amp; Galleries - Boxing Content Streaming › should display training video content properly" classname="tests/03-training-media.spec.ts" time="0">
<skipped>
</skipped>
</testcase>
<testcase name="Training Media &amp; Galleries - Boxing Content Streaming › should handle training media filtering and categorization" classname="tests/03-training-media.spec.ts" time="0">
<skipped>
</skipped>
</testcase>
<testcase name="Training Media &amp; Galleries - Boxing Content Streaming › should provide high-quality training image viewing" classname="tests/03-training-media.spec.ts" time="0">
<skipped>
</skipped>
</testcase>
<testcase name="Training Media &amp; Galleries - Boxing Content Streaming › should support social media sharing of training content" classname="tests/03-training-media.spec.ts" time="0">
<skipped>
</skipped>
</testcase>
<testcase name="Training Media &amp; Galleries - Boxing Content Streaming › should load training progression photos chronologically" classname="tests/03-training-media.spec.ts" time="0">
<skipped>
</skipped>
</testcase>
<testcase name="Training Media &amp; Galleries - Boxing Content Streaming › should optimize media loading for mobile boxing fans" classname="tests/03-training-media.spec.ts" time="0">
<skipped>
</skipped>
</testcase>
<testcase name="Training Media &amp; Galleries - Boxing Content Streaming › should provide training schedule and workout information" classname="tests/03-training-media.spec.ts" time="0">
<skipped>
</skipped>
</testcase>
<testcase name="Training Media &amp; Galleries - Boxing Content Streaming › should handle training media accessibility" classname="tests/03-training-media.spec.ts" time="0">
<skipped>
</skipped>
</testcase>
</testsuite>
<testsuite name="tests/04-news-articles.spec.ts" timestamp="2025-07-23T20:13:32.068Z" hostname="accessibility" tests="12" failures="0" skipped="12" time="0" errors="0">
<testcase name="News Articles &amp; Media Coverage - Boxing Journalism › should display latest boxing news articles" classname="tests/04-news-articles.spec.ts" time="0">
<skipped>
</skipped>
</testcase>
<testcase name="News Articles &amp; Media Coverage - Boxing Journalism › should show article publication dates and sources" classname="tests/04-news-articles.spec.ts" time="0">
<skipped>
</skipped>
</testcase>
<testcase name="News Articles &amp; Media Coverage - Boxing Journalism › should display boxing press releases and announcements" classname="tests/04-news-articles.spec.ts" time="0">
<skipped>
</skipped>
</testcase>
<testcase name="News Articles &amp; Media Coverage - Boxing Journalism › should provide social media sharing for articles" classname="tests/04-news-articles.spec.ts" time="0">
<skipped>
</skipped>
</testcase>
<testcase name="News Articles &amp; Media Coverage - Boxing Journalism › should display boxing interview content" classname="tests/04-news-articles.spec.ts" time="0">
<skipped>
</skipped>
</testcase>
<testcase name="News Articles &amp; Media Coverage - Boxing Journalism › should show boxing match coverage and analysis" classname="tests/04-news-articles.spec.ts" time="0">
<skipped>
</skipped>
</testcase>
<testcase name="News Articles &amp; Media Coverage - Boxing Journalism › should provide accessible news content for screen readers" classname="tests/04-news-articles.spec.ts" time="0">
<skipped>
</skipped>
</testcase>
<testcase name="News Articles &amp; Media Coverage - Boxing Journalism › should load news images efficiently" classname="tests/04-news-articles.spec.ts" time="0">
<skipped>
</skipped>
</testcase>
<testcase name="News Articles &amp; Media Coverage - Boxing Journalism › should display related boxing articles and recommendations" classname="tests/04-news-articles.spec.ts" time="0">
<skipped>
</skipped>
</testcase>
<testcase name="News Articles &amp; Media Coverage - Boxing Journalism › should support news search and filtering" classname="tests/04-news-articles.spec.ts" time="0">
<skipped>
</skipped>
</testcase>
<testcase name="News Articles &amp; Media Coverage - Boxing Journalism › should handle news article mobile experience" classname="tests/04-news-articles.spec.ts" time="0">
<skipped>
</skipped>
</testcase>
<testcase name="News Articles &amp; Media Coverage - Boxing Journalism › should display boxing news with proper SEO structure" classname="tests/04-news-articles.spec.ts" time="0">
<skipped>
</skipped>
</testcase>
</testsuite>
<testsuite name="tests/05-ticket-purchasing.spec.ts" timestamp="2025-07-23T20:13:32.068Z" hostname="accessibility" tests="13" failures="0" skipped="13" time="0" errors="0">
<testcase name="Ticket Purchasing Flow - Boxing Event Sales › should display ticket purchase options prominently" classname="tests/05-ticket-purchasing.spec.ts" time="0">
<skipped>
</skipped>
</testcase>
<testcase name="Ticket Purchasing Flow - Boxing Event Sales › should show homecoming fight ticket information" classname="tests/05-ticket-purchasing.spec.ts" time="0">
<skipped>
</skipped>
</testcase>
<testcase name="Ticket Purchasing Flow - Boxing Event Sales › should navigate to ticket purchasing page" classname="tests/05-ticket-purchasing.spec.ts" time="0">
<skipped>
</skipped>
</testcase>
<testcase name="Ticket Purchasing Flow - Boxing Event Sales › should display multiple ticket tiers and pricing" classname="tests/05-ticket-purchasing.spec.ts" time="0">
<skipped>
</skipped>
</testcase>
<testcase name="Ticket Purchasing Flow - Boxing Event Sales › should handle ticket quantity selection" classname="tests/05-ticket-purchasing.spec.ts" time="0">
<skipped>
</skipped>
</testcase>
<testcase name="Ticket Purchasing Flow - Boxing Event Sales › should display boxing event details and seating information" classname="tests/05-ticket-purchasing.spec.ts" time="0">
<skipped>
</skipped>
</testcase>
<testcase name="Ticket Purchasing Flow - Boxing Event Sales › should handle payment processing integration" classname="tests/05-ticket-purchasing.spec.ts" time="0">
<skipped>
</skipped>
</testcase>
<testcase name="Ticket Purchasing Flow - Boxing Event Sales › should provide ticket purchase confirmation flow" classname="tests/05-ticket-purchasing.spec.ts" time="0">
<skipped>
</skipped>
</testcase>
<testcase name="Ticket Purchasing Flow - Boxing Event Sales › should be mobile-optimized for boxing fans" classname="tests/05-ticket-purchasing.spec.ts" time="0">
<skipped>
</skipped>
</testcase>
<testcase name="Ticket Purchasing Flow - Boxing Event Sales › should handle ticket availability and sold out scenarios" classname="tests/05-ticket-purchasing.spec.ts" time="0">
<skipped>
</skipped>
</testcase>
<testcase name="Ticket Purchasing Flow - Boxing Event Sales › should provide accessibility for ticket purchasing" classname="tests/05-ticket-purchasing.spec.ts" time="0">
<skipped>
</skipped>
</testcase>
<testcase name="Ticket Purchasing Flow - Boxing Event Sales › should load ticket purchasing page efficiently" classname="tests/05-ticket-purchasing.spec.ts" time="0">
<skipped>
</skipped>
</testcase>
<testcase name="Ticket Purchasing Flow - Boxing Event Sales › should integrate with boxing event marketing" classname="tests/05-ticket-purchasing.spec.ts" time="0">
<skipped>
</skipped>
</testcase>
</testsuite>
<testsuite name="tests/06-performance-core-web-vitals.spec.ts" timestamp="2025-07-23T20:13:32.068Z" hostname="accessibility" tests="11" failures="0" skipped="11" time="0" errors="0">
<testcase name="Performance &amp; Core Web Vitals - Boxing Fan Experience › should meet Core Web Vitals thresholds for boxing content" classname="tests/06-performance-core-web-vitals.spec.ts" time="0">
<skipped>
</skipped>
</testcase>
<testcase name="Performance &amp; Core Web Vitals - Boxing Fan Experience › should optimize boxing media loading performance" classname="tests/06-performance-core-web-vitals.spec.ts" time="0">
<skipped>
</skipped>
</testcase>
<testcase name="Performance &amp; Core Web Vitals - Boxing Fan Experience › should handle 3G network conditions for fight night traffic" classname="tests/06-performance-core-web-vitals.spec.ts" time="0">
<skipped>
</skipped>
</testcase>
<testcase name="Performance &amp; Core Web Vitals - Boxing Fan Experience › should optimize resource loading and caching" classname="tests/06-performance-core-web-vitals.spec.ts" time="0">
<skipped>
</skipped>
</testcase>
<testcase name="Performance &amp; Core Web Vitals - Boxing Fan Experience › should maintain performance during user interactions" classname="tests/06-performance-core-web-vitals.spec.ts" time="0">
<skipped>
</skipped>
</testcase>
<testcase name="Performance &amp; Core Web Vitals - Boxing Fan Experience › should optimize font loading for boxing branding" classname="tests/06-performance-core-web-vitals.spec.ts" time="0">
<skipped>
</skipped>
</testcase>
<testcase name="Performance &amp; Core Web Vitals - Boxing Fan Experience › should handle image lazy loading for boxing galleries" classname="tests/06-performance-core-web-vitals.spec.ts" time="0">
<skipped>
</skipped>
</testcase>
<testcase name="Performance &amp; Core Web Vitals - Boxing Fan Experience › should optimize JavaScript loading and execution" classname="tests/06-performance-core-web-vitals.spec.ts" time="0">
<skipped>
</skipped>
</testcase>
<testcase name="Performance &amp; Core Web Vitals - Boxing Fan Experience › should maintain performance on mobile devices" classname="tests/06-performance-core-web-vitals.spec.ts" time="0">
<skipped>
</skipped>
</testcase>
<testcase name="Performance &amp; Core Web Vitals - Boxing Fan Experience › should optimize for fight night traffic spikes" classname="tests/06-performance-core-web-vitals.spec.ts" time="0">
<skipped>
</skipped>
</testcase>
<testcase name="Performance &amp; Core Web Vitals - Boxing Fan Experience › should handle offline scenarios gracefully" classname="tests/06-performance-core-web-vitals.spec.ts" time="0">
<skipped>
</skipped>
</testcase>
</testsuite>
<testsuite name="tests/07-accessibility-a11y.spec.ts" timestamp="2025-07-23T20:13:32.068Z" hostname="accessibility" tests="12" failures="0" skipped="12" time="0" errors="0">
<testcase name="Accessibility &amp; Screen Reader Compatibility - Boxing A11y › should have proper heading hierarchy for boxing content" classname="tests/07-accessibility-a11y.spec.ts" time="0">
<skipped>
</skipped>
</testcase>
<testcase name="Accessibility &amp; Screen Reader Compatibility - Boxing A11y › should provide descriptive alt text for boxing images" classname="tests/07-accessibility-a11y.spec.ts" time="0">
<skipped>
</skipped>
</testcase>
<testcase name="Accessibility &amp; Screen Reader Compatibility - Boxing A11y › should support keyboard navigation for boxing fans" classname="tests/07-accessibility-a11y.spec.ts" time="0">
<skipped>
</skipped>
</testcase>
<testcase name="Accessibility &amp; Screen Reader Compatibility - Boxing A11y › should provide accessible fight statistics for screen readers" classname="tests/07-accessibility-a11y.spec.ts" time="0">
<skipped>
</skipped>
</testcase>
<testcase name="Accessibility &amp; Screen Reader Compatibility - Boxing A11y › should support screen reader announcements for dynamic content" classname="tests/07-accessibility-a11y.spec.ts" time="0">
<skipped>
</skipped>
</testcase>
<testcase name="Accessibility &amp; Screen Reader Compatibility - Boxing A11y › should provide accessible form controls for boxing interactions" classname="tests/07-accessibility-a11y.spec.ts" time="0">
<skipped>
</skipped>
</testcase>
<testcase name="Accessibility &amp; Screen Reader Compatibility - Boxing A11y › should provide accessible video content for boxing fans" classname="tests/07-accessibility-a11y.spec.ts" time="0">
<skipped>
</skipped>
</testcase>
<testcase name="Accessibility &amp; Screen Reader Compatibility - Boxing A11y › should provide accessible navigation for boxing sections" classname="tests/07-accessibility-a11y.spec.ts" time="0">
<skipped>
</skipped>
</testcase>
<testcase name="Accessibility &amp; Screen Reader Compatibility - Boxing A11y › should handle focus management for modals and overlays" classname="tests/07-accessibility-a11y.spec.ts" time="0">
<skipped>
</skipped>
</testcase>
<testcase name="Accessibility &amp; Screen Reader Compatibility - Boxing A11y › should provide accessible color contrast for boxing theme" classname="tests/07-accessibility-a11y.spec.ts" time="0">
<skipped>
</skipped>
</testcase>
<testcase name="Accessibility &amp; Screen Reader Compatibility - Boxing A11y › should support high contrast mode for boxing content" classname="tests/07-accessibility-a11y.spec.ts" time="0">
<skipped>
</skipped>
</testcase>
<testcase name="Accessibility &amp; Screen Reader Compatibility - Boxing A11y › should provide accessible error handling and feedback" classname="tests/07-accessibility-a11y.spec.ts" time="0">
<skipped>
</skipped>
</testcase>
</testsuite>
<testsuite name="tests/08-mobile-responsive.spec.ts" timestamp="2025-07-23T20:13:32.068Z" hostname="accessibility" tests="12" failures="0" skipped="12" time="0" errors="0">
<testcase name="Mobile Responsive Design - Boxing Fan Mobile Experience › should adapt to various mobile screen sizes for boxing content" classname="tests/08-mobile-responsive.spec.ts" time="0">
<skipped>
</skipped>
</testcase>
<testcase name="Mobile Responsive Design - Boxing Fan Mobile Experience › should provide touch-friendly boxing interaction elements" classname="tests/08-mobile-responsive.spec.ts" time="0">
<skipped>
</skipped>
</testcase>
<testcase name="Mobile Responsive Design - Boxing Fan Mobile Experience › should optimize boxing images for mobile viewing" classname="tests/08-mobile-responsive.spec.ts" time="0">
<skipped>
</skipped>
</testcase>
<testcase name="Mobile Responsive Design - Boxing Fan Mobile Experience › should provide mobile-optimized navigation for boxing sections" classname="tests/08-mobile-responsive.spec.ts" time="0">
<skipped>
</skipped>
</testcase>
<testcase name="Mobile Responsive Design - Boxing Fan Mobile Experience › should optimize boxing statistics display for mobile" classname="tests/08-mobile-responsive.spec.ts" time="0">
<skipped>
</skipped>
</testcase>
<testcase name="Mobile Responsive Design - Boxing Fan Mobile Experience › should handle mobile video content for boxing fans" classname="tests/08-mobile-responsive.spec.ts" time="0">
<skipped>
</skipped>
</testcase>
<testcase name="Mobile Responsive Design - Boxing Fan Mobile Experience › should optimize text readability for mobile boxing fans" classname="tests/08-mobile-responsive.spec.ts" time="0">
<skipped>
</skipped>
</testcase>
<testcase name="Mobile Responsive Design - Boxing Fan Mobile Experience › should provide mobile-optimized forms and inputs" classname="tests/08-mobile-responsive.spec.ts" time="0">
<skipped>
</skipped>
</testcase>
<testcase name="Mobile Responsive Design - Boxing Fan Mobile Experience › should handle orientation changes for boxing content" classname="tests/08-mobile-responsive.spec.ts" time="0">
<skipped>
</skipped>
</testcase>
<testcase name="Mobile Responsive Design - Boxing Fan Mobile Experience › should optimize for mobile performance during fight events" classname="tests/08-mobile-responsive.spec.ts" time="0">
<skipped>
</skipped>
</testcase>
<testcase name="Mobile Responsive Design - Boxing Fan Mobile Experience › should provide accessible mobile interactions for boxing fans" classname="tests/08-mobile-responsive.spec.ts" time="0">
<skipped>
</skipped>
</testcase>
<testcase name="Mobile Responsive Design - Boxing Fan Mobile Experience › should handle mobile app-like features for boxing fans" classname="tests/08-mobile-responsive.spec.ts" time="0">
<skipped>
</skipped>
</testcase>
</testsuite>
<testsuite name="tests/09-visual-regression.spec.ts" timestamp="2025-07-23T20:13:32.068Z" hostname="accessibility" tests="13" failures="0" skipped="13" time="0" errors="0">
<testcase name="Visual Regression Testing - Boxing Brand Consistency › should maintain homepage hero section visual consistency" classname="tests/09-visual-regression.spec.ts" time="0">
<skipped>
</skipped>
</testcase>
<testcase name="Visual Regression Testing - Boxing Brand Consistency › should maintain fight record statistics visual layout" classname="tests/09-visual-regression.spec.ts" time="0">
<skipped>
</skipped>
</testcase>
<testcase name="Visual Regression Testing - Boxing Brand Consistency › should maintain training photo gallery layout" classname="tests/09-visual-regression.spec.ts" time="0">
<skipped>
</skipped>
</testcase>
<testcase name="Visual Regression Testing - Boxing Brand Consistency › should maintain fight poster and promotion images consistency" classname="tests/09-visual-regression.spec.ts" time="0">
<skipped>
</skipped>
</testcase>
<testcase name="Visual Regression Testing - Boxing Brand Consistency › should maintain responsive layout consistency on mobile" classname="tests/09-visual-regression.spec.ts" time="0">
<skipped>
</skipped>
</testcase>
<testcase name="Visual Regression Testing - Boxing Brand Consistency › should maintain boxing brand color scheme consistency" classname="tests/09-visual-regression.spec.ts" time="0">
<skipped>
</skipped>
</testcase>
<testcase name="Visual Regression Testing - Boxing Brand Consistency › should maintain button and CTA visual consistency" classname="tests/09-visual-regression.spec.ts" time="0">
<skipped>
</skipped>
</testcase>
<testcase name="Visual Regression Testing - Boxing Brand Consistency › should maintain typography consistency across boxing content" classname="tests/09-visual-regression.spec.ts" time="0">
<skipped>
</skipped>
</testcase>
<testcase name="Visual Regression Testing - Boxing Brand Consistency › should maintain cross-browser visual consistency" classname="tests/09-visual-regression.spec.ts" time="0">
<skipped>
</skipped>
</testcase>
<testcase name="Visual Regression Testing - Boxing Brand Consistency › should detect visual regressions in fight card layouts" classname="tests/09-visual-regression.spec.ts" time="0">
<skipped>
</skipped>
</testcase>
<testcase name="Visual Regression Testing - Boxing Brand Consistency › should maintain footer and contact information layout" classname="tests/09-visual-regression.spec.ts" time="0">
<skipped>
</skipped>
</testcase>
<testcase name="Visual Regression Testing - Boxing Brand Consistency › should detect visual regressions during hover interactions" classname="tests/09-visual-regression.spec.ts" time="0">
<skipped>
</skipped>
</testcase>
<testcase name="Visual Regression Testing - Boxing Brand Consistency › should maintain visual consistency with loading states" classname="tests/09-visual-regression.spec.ts" time="0">
<skipped>
</skipped>
</testcase>
</testsuite>
</testsuites>